[    0.000000] Initializngcgro ssys uset
[    0.000000] Initializing cgroup subsys cpu
[    0.000000] Initializing cgroup subsys cpuacct
[    0.000000] Linux version 4.4.0-143-generic (buildd@lgw01-amd64-041) (gcc version 5.4.0 20160609 (Ubuntu 5.4.0-6ubuntu1~16.04.10) ) #169-Ubuntu SMP Thu Feb 7 07:56:38 UTC 2019 (Ubuntu 4.4.0-143.169-generic 4.4.170)
[    0.000000] Command line: BOOT_IMAGE=/boot/vmlinuz-4.4.0-143-generic root=LABEL=cloudimg-rootfs ro console=tty1 console=ttyS0
[    0.000000] KERNEL supported cpus:
[    0.000000]   Intel GenuineIntel
[    0.000000]   AMD AuthenticAMD
[    0.000000]   Centaur CentaurHauls
[    0.000000] x86/fpu: xstate_offset[2]:  576, xstate_sizes[2]:  256
[    0.000000] x86/fpu: Supporting XSAVE feature 0x01: 'x87 floating point registers'
[    0.000000] x86/fpu:Supporing XSAVE feeature 0x02: 'SSE registers'
[    0.000000] x86/fpu: Supporting XSAVE feature 0x04: 'AVX registers'
[    0.000000] x86/fpu: Enabled xstate features 0x7, context size is 832 bytes, using 'standard' format.
[    0.000000] e820: BIOS-provided physical RAM map:
[    0.000000] BIOS-e820: [mem 0x0000000000000000-0x000000000009fbff] usable
[    0.000000] BIOS-e820: [mem 0x000000000009fc00-0x000000000009ffff] reserved
[    0.000000] BIOS-e820: [mem 0x00000000000f0000-0x00000000000fffff] reserved
[    0.000000] BIOS-e820: [mem 0x0000000000100000-0x000000007ffeffff] usable
[    0.000000] BIOS-e820: [mem 0x000000007fff0000-0x000000007fffffff] AC data
[    0.000000] BIOS-e820: [mem 0x00000000fec00000-0x00000000fec00fff] reserved
[    0.000000] BIOS-e820: [mem 0x00000000fee00000-0x00000000fee00fff] reserved
[    0.000000] BIOS-e820: [mem 0x00000000fffc0000-0x00000000ffffffff] reserved
[    0.000000] NX (Execute Disable) protection: active
[    0.000000] SMBIOS 2.5 present.
[    0.000000] Hypervisor detected: KVM
[    0.000000] e820: last_pfn = 0x7fff0 max_arch_pfn = 0x400000000
[    0.000000] MTRR: Disabled
[    0.000000] x86/PAT: MTRRs disabled, skipping PAT initialization too.
[    0.000000] CPU MTRRs all blank - virtualized system.
[    0.000000] x86/PAT: Configuration [0-7]: WB  WT  UC- UC  WB  WT  UC- UC  
[    0.000000] found SMP MP-table at [mem 0x0009fff0-0x0009ffff] mapped at [ffff88000009fff0]
[    0.000000] Scanning 1 areas for low memory corruption
[    0.000000] RAMDISK: [mem 0x362fa000-0x37174fff]
[    0.000000] ACPI: Early table checksum verification disabled
[    0.000000] ACPI: RSDP 0x00000000000E0000 000024 (v02 VBOX  )
[    0.000000] ACPI: XSDT 0x000000007FFF0030 00003C (v01 VBOX   VBOXXSDT 00000001 ASL  00000061)
[    0.000000] ACPI: FACP 0x000000007FFF00F0 0000F4 (v04 VBOX   VBOXFACP 00000001 ASL  00000061)
[    0.000000] ACPI: DSDT 0x000000007FFF0470 0021FF (v02 VBOX   VBOXBIOS 00000002 INTL 20180105)
[    0.000000] ACPI: FACS 0x000000007FFF0200 000040
[    0.000000] ACPI: FACS 0x000000007FFF0200 000040
[    0.000000] ACPI: APIC 0x000000007FFF0240 00005C (v02 VBOX   VBOXAPIC 00000001 ASL  00000061)
[    0.000000] ACPI: SSDT 0x000000007FFF02A0 0001CC (v01 VBOX   VBOXCPUT 00000002 INTL 20180105)
[    0.000000] No NUMA configuration found
[    0.000000] Faking a node at [mem 0x0000000000000000-0x000000007ffeffff]
[    0.000000] NODE_DATA(0) allocated [mem 0x7ffeb000-0x7ffeffff]
[    0.000000] kvm-clock: Using msrs 4b564d01 and 4b564d00
[    0.000000] kvm-clock: cpu 0, msr 0:7ffe3001, primary cpu clock
[    0.000000] kvm-clock: using sched offset of 3117058806 cycles
[    0.000000] clocksource: kvm-clock: mask: 0xffffffffffffffff max_cycles: 0x1cd42e4dffb, max_idle_ns: 881590591483 ns
[    0.000000] Zone ranges:
[    0.000000]   DMA      [mem 0x0000000000001000-0x0000000000ffffff]
[    0.000000]   DMA32    [mem 0x0000000001000000-0x000000007ffeffff]
[    0.000000]   Normal   empty
[    0.000000]   Device   empty
[    0.000000] Movable zone start for each node
[    0.000000] Early memory node ranges
[    0.000000]   node   0: [mem 0x0000000000001000-0x000000000009efff]
[    0.000000]   node   0: [mem 0x0000000000100000-0x000000007ffeffff]
[    0.000000] Initmem setup node 0 [mem 0x0000000000001000-0x000000007ffeffff]
[    0.000000] ACPI: PM-Timer IO Port: 0x4008
[    0.000000] IOAPIC[0]: apic_id 2, version 32, address 0xfec00000, GSI 0-23
[    0.000000] ACPI: INT_SRC_OVR (bus 0 bus_irq 0 global_irq 2 dfl dfl)
[    0.000000] ACPI: INT_SRC_OVR (bus 0 bus_irq 9 global_irq 9 low level)
[    0.000000] Using ACPI (MADT) for SMP configuration information
[    0.000000] smpboot: Allowing 2 CPUs, 0 hotplug CPUs
[    0.000000] PM: Registered nosave memory: [mem 0x00000000-0x00000fff]
[    0.000000] PM: Registered nosave memory: [mem 0x0009f000-0x0009ffff]
[    0.000000] PM: Registered nosave memory: [mem 0x000a0000-0x000effff]
[    0.000000] PM: Registered nosave memory: [mem 0x000f0000-0x000fffff]
[    0.000000] e820: [mem 0x80000000-0xfebfffff] available for PCI devices
[    0.000000] Booting paravirtualized kernel on KVM
[    0.000000] clocksource: refined-jiffies: mask: 0xffffffff max_cycles: 0xffffffff,, max_idle_ns: 7645519600211568 ns
[    0.000000] setup_percpu: NR_CPUS:512 nr_cpumask_bits:512 nr_cpu_ids:2 nr_node_ids:1
[    0.000000] PERCPU: Embedded 34 pages/cpu @ffff88007fc00000 s99480 r8192 d31592 u1048576
[    0.000000] Built 1 zonelists in Node order, mobility grouping on.  Total pages: 515960
[    0.000000] Policy zone: DMA32
[    0.000000] Kernel command line: BOOT_IMAGE=/boot/vmlinuz-4.4.0-143-generic root=LABEL=cloudimg-rootfs ro console=tty1 console=ttyS0
[    0.000000] PID hash table entries: 4096 (order: 3, 32768 bytes)
[    0.000000] Memory: 2029896K/2096696K available (8608K kernel code, 1332K rwdata, 4008K rodata, 1484K init, 1316K bss, 66800K reserved, 0K cma-reserved)
[    0.000000] SLUB: HWalign=64, Order=0-3, MinObjects=0, CPUs=2, Nodes=1
[    0.000000] Kernel/User page tables isolation: enabled
[    0.000000] Hierarchical RCU implementation.
[    0.000000] 	Build-time adjustment of leaf fanout to 64.
[    0.000000] 	RCU restricting CPUs from NR_CPUS=512 to nr_cpu_ids=2.
[    0.000000] RCU: Adjusting geometry for rcu_fanout_leaf=64, nr_cpu_ids=2
[    0.000000] NR_IRQS:33024 nr_irqs:440 16
[    0.000000] Console: colour VGA+ 80x25
[    0.000000] console [tty1] enabled
[    0.000000] console [ttyS0] enabled
[    0.000000] tsc: Detected 2207.998 MHz processor
[    0.272356] Calibrating delay loop (skipped) preset value.. 4415.99 BogoMIPS (lpj=8831992)
[    0.273705] pid_max: default: 32768 minimum: 301
[    0.274433] ACPI: Core revision 20150930
[    0.275839] ACPI: 2 ACPI AML tables successfully acquired and loaded
[    0.276900] Security Framework initialized
[    0.277567] Yama: becoming mindful.
[    0.278176] AppArmor: AppArmor initialized
[    0.279281] Dentry cache hash table entries: 262144 (order: 9, 2097152 bytes)
[    0.280569] Inode-cache hash table entries: 131072 (order: 8, 1048576 bytes)
[    0.282049] Mot-cache hash table entries: 4096 (order: 3, 32768 bytes)
[    0.304116] Mountpoint-cache hash table entries: 4096 (order: 3, 32768 bytes)
[    0.305277] Initializing cgroup subsys io
[    0.305964] Initializing cgroup subsys memory
[    0.306684] Initializing cgroup subsys devices

[    0.307443] Initializing cgroup subsys freezer
[    0.308190] Initializing cgroup subsys net_cls
[    0.308918] Initializing cgroup subsys perf_event
[    0.309673] Initializing cgroup subsys net_prio
[    0.310409] Initializing cgroup subsys hugetlb
[    0.311136] Initializing cgroup subsys pids
[    0.313466] mce: CPU supports 0 MCE banks
[    0.314161] Last level iTLB entries: 4KB 64, 2MB 8, 4MB 8
[    0.315002] Last level dTLB entries: 4KB 64, 2MB 0, 4MB 0, 1GB 4
[    0.315924] Spectre V2 : Mitigation: Full generic retpoline
[    0.316780] Spectre V2 : Spectre v2 / SpectreRSB mitigation: Filling RSB on context switch
[    0.318109] Speculative Store Bypass: Vulnerable
[    0.320951] Freeing SMP alternatives memory: 32K
[    0.325967] ftrace: allocating 32278 entries in 127 pages
[    0.374109] smpboot: APIC(0) Converting physical 0 to logical package 0
[    0.375100] smpboot: Max logical packages: 1
[    0.376058] x2apic enabled
[    0.376759] Switched APIC routing to physical x2apic.
[    0.378459] ..TIMER: vector=0x30 apic1=0 pin1=2 apic2=-1 pin2=-1
[    0.635718] smpboot: CPU0: Intel(R) Core(TM) i5-7260U CPU @ 2.20GHz (family: 0x6, model: 0x8e, stepping: 0x9)
[    0.877816] Performance Events: unsupported p6 CPU model 142 no PMU driver, software events only.
[    0.887713] KVM setup paravirtual spinlock
[    0.889361] x86: Booting SMP configuration:
[    0.890077] .... node  #0, CPUs:      #1
[    0.890858] kvm-clock: cpu 1, msr 0:7ffe3041, secondary cpu clock
[    0.893002] mce: CPU supports 0 MCE banks
[    0.895349] x86: Booted up 1 node, 2 CPUs
[    0.896195] smpboot: Total of 2 processors activated (8831.99 BogoMIPS)
[    0.897527] devtmpfs: initialized
[    0.899317] evm: security.selinux
[    0.899926] evm: security.SMACK64
[    0.900530] evm: security.SMACK64EXEC
[    0.901163] evm: security.SMACK64TRANSMUTE
[    0.901845] evm: security.SMACK64MMAP
[    0.902478] evm: security.ima
[    0.903033] evm: security.capability
[    0.903823] clocksource: jiffies: mask: 0xffffffff max_cycles: 0xffffffff, max_idle_ns: 7645041785100000 ns
[    0.905365] futex hash table entries: 512 (order: 3, 32768 bytes)
[    0.906404] pinctrl core: initialized pinctrl subsystem
[    0.907315] RTC time: 10:17:01, date: 12/16/19
[    0.908237] NET: Registered protocol family 16
[    0.919667] cpuidle: using governor ladder
[    0.931940] cpuidle: using governor menu
[    0.932610] PCCT header not found.
[    0.933261] ACPI: bus type PCI registered
[    0.933937] acpiphp: ACPI Hot Plug PCI Controller Driver version: 0.5
[    0.935924] PCI: Using configuration type 1 for base access
[    0.952485] ACPI: Added _OSI(Module Device)
[    0.953098] ACPI: Added _OSI(Processor Device)
[    0.953721] ACPI: Added _OSI(3.0 _SCP Extensions)
[    0.954369] ACPI: Added _OSI(Processor Aggregator Device)
[    0.955624] ACPI: Executed 1 blocks of module-level executable AML code
[    0.958170] ACPI: Interpreter enabled
[    0.958739] ACPI: (supports S0 S5)
[    0.959267] ACPI: Using IOAPIC for interrupt routing
[    0.960068] PCI: Using host bridge windows from ACPI; if necessary, use "pci=nocrs" and report a bug
[    0.963958] ACPI: PCI Root Bridge [PCI0] (domain 0000 [bus 00-ff])
[    0.964761] acpi PNP0A03:00: _OSC: OS supports [ASPM ClockPM Segments MSI]
[    0.965626] acpi PNP0A03:00: _OSC: not requesting OS control; OS requires [ExtendedConfig ASPM ClockPM MSI]
[    0.966932] acpi PNP0A03:00: fail to add MMCONFIG information, can't access extended PCI configuration space under this bridge.
[    0.968571] PCI host bridge to bus 0000:00
[    0.969165] pci_bus 0000:00: root bus resource [io  0x0000-0x0cf7 window]
[    0.970010] pci_bus 0000:00: root bus resource [io  0x0d00-0xffff window]
[    0.970858] pci_bus 0000:00: root bus resource [mem 0x000a0000-0x000bffff window]
[    0.971939] pci_bus 0000:00: root bus resource [mem 0x80000000-0xfdffffff window]
[    0.973022] pci_bus 0000:00: root bus resource [bus 00-ff]
[    0.974857] pci 0000:00:01.1: legacy IDE quirk: reg 0x10: [io  0x01f0-0x01f7]
[    0.975739] pci 0000:00:01.1: legacy IDE quirk: reg 0x14: [io  0x03f6]
[    0.976572] pci 0000:00:01.1: legacy IDE quirk: reg 0x18: [io  0x0170-0x0177]
[    0.977453] pci 0000:00:01.1: legacy IDE quirk: reg 0x1c: [io  0x0376]
[    0.997658] pci 0000:00:07.0: quirk: [io  0x4000-0x403f] claimed by PIIX4 ACPI
[    0.998815] pci 0000:00:07.0: quirk: [io  0x4100-0x410f] claimed by PIIX4 SMB
[    1.019571] ACPI: PCI Interrupt Link [LNKA] (IRQs 5 9 10 *11)
[    1.020897] ACPI: PCI Interrupt Link [LNKB] (IRQs 5 9 *10 11)
[    1.021996] ACPI: PCI Interrupt Link [LNKC] (IRQs 5 *9 10 11)
[    1.023101] ACPI: PCI Interrupt Link [LNKD] (IRQs 5 9 10 *11)
[    1.024239] ACPI: Enabled 2 GPEs in block 00 to 07
[    1.025250] vgaarb: setting as boot device: PCI:0000:00:02.0
[    1.026000] vgaarb: device added: PCI:0000:00:02.0,decodes=io+mem,owns=io+mem,locks=none
[    1.027142] vgaarb: loaded
[    1.027604] vgaarb: bridge control possible 0000:00:02.0
[    1.028530] SCSI subsystem initialized
[    1.029185] ACPI: bus type USB registered
[    1.029823] usbcore: registered new interface driver usbfs
[    1.030561] usbcore: registered new interface driver hub
[    1.031277] usbcore: registered new device driver usb
[    1.032148] PCI: Using ACPI for IRQ routing
[    1.032971] NetLabel: Initializing
[    1.033504] NetLabel:  domain hash size = 128
[    1.034119] NetLabel:  protocols = UNLABELED CIPSOv4
[    1.034806] NetLabel:  unlabeled traffic allowed by default
[    1.035682] amd_nb: Cannot enumerate AMD northbridges
[    1.036417] clocksource: Switched to clocksource kvm-clock
[    1.042209] AppArmor: AppArmor Filesystem Enabled
[    1.042959] pnp: PnP ACPI init
[    1.044001] pnp: PnP ACPI: found 3 devices
[    1.052560] clocksource: acpi_pm: mask: 0xffffff max_cycles: 0xffffff, max_idle_ns: 2085701024 ns
[    1.053816] NET: Registered protocol family 2
[    1.054586] TCP established hash table entries: 16384 (order: 5, 131072 bytes)
[    1.055682] TCP bind hash table entries: 16384 (order: 6, 262144 bytes)
[    1.056575] TCP: Hash tables configured (established 16384 bind 16384)
[    1.057411] UDP hash table entries: 1024 (order: 3, 32768 bytes)
[    1.058185] UDP-Lite hash table entries: 1024 (order: 3, 32768 bytes)
[    1.059030] NET: Registered protocol family 1
[    1.059657] pci 0000:00:00.0: Limiting direct PCI/PCI transfers
[    1.060436] pci 0000:00:01.0: Activating ISA DMA hang workarounds
[    1.061326] Unpacking initramfs...
[    1.238795] Freeing initrd memory: 14828K
[    1.249188] platform rtc_cmos: registered platform RTC device (no PNP device found)
[    1.261517] Scanning for low memory corruption every 60 seconds
[    1.262794] audit: initializing netlink subsys (disabled)
[    1.263631] audit: type=2000 audit(1576491424.885:1): initialized
[    1.264744] Initialise system trusted keyring
[    1.265591] HugeTLB registered 2 MB page size, pre-allocated 0 pages
[    1.267612] zbud: loaded
[    1.268476] VFS: Disk quotas dquot_6.6.0
[    1.286632] VFS: Dquot-cache hash table entries: 512 (order 0, 4096 bytes)
[    1.497052] squashfs: version 4.0 (2009/01/31) Phillip Lougher
[    1.580308] fuse init (API version 7.23)
[    1.581059] Key type big_key registered
[    1.581644] Allocating IMA MOK and blacklist keyrings.
[    1.583268] Key type asymmetric registered
[    1.583868] Asymmetric key parser 'x509' registered
[    1.584601] Block layer SCSI generic (bsg) driver version 0.4 loaded (major 249)
[    1.585719] io scheduler noop registered
[    1.586304] io scheduler deadline registered (default)
[    1.587037] io scheduler cfq registered
[    1.587691] pci_hotplug: PCI Hot Plug PCI Core version: 0.5
[    1.588443] pciehp: PCI Express Hot Plug Controller Driver version: 0.4
[    1.589379] ACPI: AC Adapter [AC] (on-line)
[    1.590027] input: Power Button as /devices/LNXSYSTM:00/LNXPWRBN:00/input/input0
[    1.591099] ACPI: Power Button [PWRF]
[    1.591696] input: Sleep Button as /devices/LNXSYSTM:00/LNXSLPBN:00/input/input1
[    1.592778] ACPI: Sleep Button [SLPF]
[    1.593475] GHES: HEST is not enabled!
[    1.594147] Serial: 8250/16550 driver, 32 ports, IRQ sharing enabled
[    1.616393] 00:02: ttyS0 at I/O 0x3f8 (irq = 4, base_baud = 115200) is a 16550A
[    1.633449] Linux agpgart interface v0.103
[    1.635927] loop: module loaded
[    1.636943] scsi host0: ata_piix
[    1.637571] scsi host1: ata_piix
[    1.638117] ata1: PATA max UDMA/33 cmd 0x1f0 ctl 0x3f6 bmdma 0xd000 irq 14
[    1.638985] ata2: PATA max UDMA/33 cmd 0x170 ctl 0x376 bmdma 0xd008 irq 15
[    1.639941] libphy: Fixed MDIO Bus: probed
[    1.640602] tun: Universal TUN/TAP device driver, 1.6
[    1.642375] tun: (C) 1999-2004 Max Krasnyansky <maxk@qualcomm.com>
[    1.643245] PPP generic driver version 2.4.2
[    1.643959] ehci_hcd: USB 2.0 'Enhanced' Host Controller (EHCI) Driver
[    1.644817] ehci-pci: EHCI PCI platform driver
[    1.645461] ehci-platform: EHCI generic platform driver
[    1.646182] ohci_hcd: USB 1.1 'Open' Host Controller (OHCI) Driver
[    1.646981] ohci-pci: OHCI PCI platform driver
[    1.647621] ohci-platform: OHCI generic platform driver
[    1.648332] uhci_hcd: USB Universal Host Controller Interface driver
[    1.649235] i8042: PNP: PS/2 Controller [PNP0303:PS2K,PNP0f03:PS2M] at 0x60,0x64 irq 1,12
[    1.849467] serio: i8042 KBD port at 0x60,0x64 irq 1
[    1.857091] serio: i8042 AUX port at 0x60,0x64 irq 12
[    1.858117] mousedev: PS/2 mouse device common for all mice
[    1.859308] input: AT Translated Set 2 keyboard as /devices/platform/i8042/serio0/input/input2
[    1.861059] rtc_cmos rtc_cmos: rtc core: registered rtc_cmos as rtc0
[    1.862024] rtc_cmos rtc_cmos: alarms up to one day, 114 bytes nvram
[    1.862962] i2c /dev entries driver
[    1.863622] device-mapper: uevent: version 1.0.3
[    1.864521] device-mapper: ioctl: 4.34.0-ioctl (2015-10-28) initialised: dm-devel@redhat.com
[    1.865891] ledtrig-cpu: registered to indicate activity on CPUs
[    1.867232] NET: Registered protocol family 10
[    1.868145] NET: Registered protocol family 17
[    1.868892] Key type dns_resolver registered
[    1.870168] registered taskstats version 1
[    1.870868] Loading compiled-in X.509 certificates
[    1.872120] Loaded X.509 cert 'Build time autogenerated kernel key: d03773f65dd2b75b701d4dd50cb1e8d0c07b3b6e'
[    1.873692] zswap: loaded using pool lzo/zbud
[    1.875897] Key type trusted registered
[    1.879065] Key type encrypted registered
[    1.879747] AppArmor: AppArmor sha1 policy hashing enabled
[    1.880588] ima: No TPM chip found, activating TPM-bypass!
[    1.881419] ima: Allocated hash algorithm: sha1
[    1.882147] evm: HMAC attrs: 0x1
[    1.883058]   Magic number: 15:19:275
[    1.884274] tty tty12: hash matches
[    1.885585] rtc_cmos rtc_cmos: setting system clock to 2019-12-16 10:17:02 UTC (1576491422)
[    1.887326] BIOS EDD facility v0.16 2004-Jun-25, 0 devices found
[    1.888238] EDD information not available.
[    1.889987] Freeing unused kernel memory: 1484K
[    1.900579] Write protecting the kernel read-only data: 14336k
[    1.901945] Freeing unused kernel memory: 1620K
[    1.902911] Freeing unused kernel memory: 88K
Loading, please wait...
starting version 229
[    1.913337] random: systemd-udevd: uninitialized urandom read (16 bytes read, 3 bits of entropy available)
[    1.913731] random: udevadm: uninitialized urandom read (16 bytes read, 3 bits of entropy available)
[    1.913747] random: udevadm: uninitialized urandom read (16 bytes read, 3 bits of entropy available)
[    1.917795] random: systemd-udevd: uninitialized urandom read (16 bytes read, 3 bits of entropy available)
[    1.919885] random: udevadm: uninitialized urandom read (16 bytes read, 3 bits of entropy available)
[    1.919920] random: udevadm: uninitialized urandom read (16 bytes read, 3 bits of entropy available)
[    1.920025] random: udevadm: uninitialized urandom read (16 bytes read, 3 bits of entropy available)
[    1.920063] random: udevadm: uninitialized urandom read (16 bytes read, 3 bits of entropy available)
[    1.920102] random: udevadm: uninitialized urandom read (16 bytes read, 3 bits of entropy available)
[    1.920140] random: udevadm: uninitialized urandom read (16 bytes read, 3 bits of entropy available)
[    1.949616] e1000: Intel(R) PRO/1000 Network Driver - version 7.3.21-k8-NAPI
[    1.953434] e1000: Copyright (c) 1999-2006 Intel Corporation.
[    1.954261] Fusion MPT base driver 3.04.20
[    1.954981] Copyright (c) 1999-2008 LSI Corporation
[    1.958673] Fusion MPT SPI Host driver 3.04.20
[    1.975403] AVX2 version of gcm_enc/dec engaged.
[    1.977429] AES CTR mode by8 optimization enabled
[    2.162332] input: ImExPS/2 Generic Explorer Mouse as /devices/platform/i8042/serio1/input/input4
[    2.252492] tsc: Refined TSC clocksource calibration: 2208.572 MHz
[    2.253421] clocksource: tsc: mask: 0xffffffffffffffff max_cycles: 0x1fd5d49bbe2, max_idle_ns: 440795318426 ns
[    2.288959] e1000 0000:00:03.0 eth0: (PCI:33MHz:32-bit) 02:30:52:25:60:69
[    2.290188] e1000 0000:00:03.0 eth0: Intel(R) PRO/1000 Network Connection
[    2.292010] mptbase: ioc0: Initiating bringup
[    2.377105] ioc0: LSI53C1030 A0: Capabilities={Initiator}
[    3.041122] scsi host2: ioc0: LSI53C1030 A0, FwRev=00000000h, Ports=1, MaxQ=256, IRQ=20
[    3.207662] scsi 2:0:0:0: Direct-Access     VBOX     HARDDISK         1.0  PQ: 0 ANSI: 5
[    3.257911] scsi target2:0:0: Beginning Domain Validation
[    3.259242] scsi target2:0:0: Domain Validation skipping write tests
[    3.260050] scsi target2:0:0: Ending Domain Validation
[    3.260785] scsi target2:0:0: asynchronous
[    3.261730] scsi 2:0:1:0: Direct-Access     VBOX     HARDDISK         1.0  PQ: 0 ANSI: 5
[    3.263058] scsi target2:0:1: Beginning Domain Validation
[    3.264437] scsi target2:0:1: Domain Validation skipping write tests
[    3.265386] scsi target2:0:1: Ending Domain Validation
[    3.266221] scsi target2:0:1: asynchronous
[    3.270701] sd 2:0:0:0: Attached scsi generic sg0 type 0
[    3.273281] sd 2:0:0:0: [sda] 20971520 512-byte logical blocks: (10.7 GB/10.0 GiB)
[    3.282553] sd 2:0:1:0: [sdb] 20480 512-byte logical blocks: (10.5 MB/10.0 MiB)
[    3.285723] sd 2:0:1:0: Attached scsi generic sg1 type 0
[    3.286674] sd 2:0:0:0: [sda] Write Protect is off
[    3.287489] sd 2:0:0:0: [sda] Incomplete mode parameter data
[    3.288290] sd 2:0:0:0: [sda] Assuming drive cache: write through
[    3.289281] sd 2:0:1:0: [sdb] Write Protect is off
[    3.290344] sd 2:0:1:0: [sdb] Incomplete mode parameter data
[    3.291158] sd 2:0:1:0: [sdb] Assuming drive cache: write through
[    3.293326]  sda: sda1
[    3.294318] sd 2:0:0:0: [sda] Attached SCSI disk
[    3.296775] sd 2:0:1:0: [sdb] Attached SCSI disk
[    3.632387] e1000 0000:00:08.0 eth1: (PCI:33MHz:32-bit) 08:00:27:23:01:b4
[    3.635013] e1000 0000:00:08.0 eth1: Intel(R) PRO/1000 Network Connection
[    3.639445] e1000 0000:00:08.0 enp0s8: renamed from eth1
[    3.656825] e1000 0000:00:03.0 enp0s3: renamed from eth0
Begin: Loading e[    4.946552] md: linear personality registered for level -1
ssential drivers ... [    4.962519] md: multipath personality registered for level -4
[    4.965062] md: raid0 personality registered for level 0
[    4.968361] md: raid1 personality registered for level 1
[    5.036467] raid6: sse2x1   gen() 10929 MB/s
[    5.108486] raid6: sse2x1   xor()  8333 MB/s
[    5.180452] raid6: sse2x2   gen() 13041 MB/s
[    5.304481] raid6: sse2x2   xor() 10092 MB/s
[    5.372470] raid6: sse2x4   gen() 15557 MB/s
[    5.448475] raid6: sse2x4   xor()  7700 MB/s
[    5.524479] raid6: avx2x1   gen() 14243 MB/s
[    5.594486] raid6: avx2x2   gen() 17382 MB/s
[    5.661319] raid6: avx2x4   gen() 22639 MB/s
[    5.679203] raid6: using algorithm avx2x4 gen() 22639 MB/s
[    5.680208] raid6: using avx2x2 recovery algorithm
[    5.682176] xor: automatically using best checksumming function:
[    5.722472]    avx       : 35376.000 MB/sec
[    5.737918] async_tx: api initialized (async)
[    5.745759] md: raid6 personality registered for level 6
[    5.746632] md: raid5 personality registered for level 5
[    5.747443] md: raid4 personality registered for level 4
[    5.753106] md: raid10 personality registered for level 10
done.
Begin: Running /scripts/init-premount ... done.
Begin: Mounting root file system ... Begin: Running /scripts/local-top ... done.
Begin: Running /scripts/local-premount ... [    5.777077] Btrfs loaded
Scanning for Btrfs filesystems
done.
Warning: fsck not present, so skipping root file system
[    5.806370] EXT4-fs (sda1): mounted filesystem with ordered data mode. Opts: (null)
done.
Begin: Running /scripts/local-bottom ... done.
Begin: Running /scripts/init-bottom ... done.
[    5.979438] systemd[1]: systemd 229 running in system mode. (+PAM +AUDIT +SELINUX +IMA +APPARMOR +SMACK +SYSVINIT +UTMP +LIBCRYPTSETUP +GCRYPT +GNUTLS +ACL +XZ -LZ4 +SECCOMP +BLKID +ELFUTILS +KMOD -IDN)
[    5.985875] systemd[1]: Detected virtualization oracle.
[    5.987418] systemd[1]: Detected architecture x86-64.

Welcome to [1mUbuntu 16.04.6 LTS[0m!

[    5.992649] systemd[1]: Set hostname to <ubuntu>.
[    5.998087] systemd[1]: Initializing machine ID from random generator.
[    5.999405] systemd[1]: Installed transient /etc/machine-id file.
[    6.124874] systemd[1]: Started Forward Password Requests to Wall Directory Watch.
[[0;32m  OK  [0m] Started Forward Password Requests to Wall Directory Watch.
[    6.127021] systemd[1]: Reached target System Time Synchronized.
[[0;32m  OK  [0m] Reached target System Time Synchronized.
[    6.128621] systemd[1]: Listening on Journal Audit Socket.
[[0;32m  OK  [0m] Listening on Journal Audit Socket.
[    6.130075] systemd[1]: Listening on LVM2 poll daemon socket.
[[0;32m  OK  [0m] Listening on LVM2 poll daemon socket.
[    6.131577] systemd[1]: Listening on Device-mapper event daemon FIFOs.
[[0;32m  OK  [0m] Listening on Device-mapper event daemon FIFOs.
[    6.133255] systemd[1]: Listening on Journal Socket.
[[0;32m  OK  [0m] Listening on Journal Socket.
[    6.134602] systemd[1]: Reached target Swap.
[[0;32m  OK  [0m] Reached target Swap.
[    6.135857] systemd[1]: Listening on Syslog Socket.
[[0;32m  OK  [0m] Listening on Syslog Socket.
[    6.137242] systemd[1]: Started Trigger resolvconf update for networkd DNS.
[[0;32m  OK  [0m] Started Trigger resolvconf update for networkd DNS.
[    6.138974] systemd[1]: Listening on udev Kernel Socket.
[[0;32m  OK  [0m] Listening on udev Kernel Socket.
[    6.140474] systemd[1]: Set up automount Arbitrary Executable File Formats File System Automount Point.
[[0;32m  OK  [0m] Set up automount Arbitrary Executab...ats File System Automount Point.
[    6.142745] systemd[1]: Reached target Encrypted Volumes.
[[0;32m  OK  [0m] Reached target Encrypted Volumes.
[    6.144180] systemd[1]: Listening on /dev/initctl Compatibility Named Pipe.
[[0;32m  OK  [0m] Listening on /dev/initctl Compatibility Named Pipe.
[    6.145900] systemd[1]: Reached target User and Group Name Lookups.
[[0;32m  OK  [0m] Reached target User and Group Name Lookups.
[    6.147511] systemd[1]: Listening on udev Control Socket.
[[0;32m  OK  [0m] Listening on udev Control Socket.
[    6.149154] systemd[1]: Created slice User and Session Slice.
[[0;32m  OK  [0m] Created slice User and Session Slice.
[    6.150821] systemd[1]: Created slice System Slice.
[[0;32m  OK  [0m] Created slice System Slice.
[    6.164503] systemd[1]: Mounting Debug File System...
         Mounting Debug File System...
[    6.216789] systemd[1]: Created slice system-serial\x2dgetty.slice.
[[0;32m  OK  [0m] Created slice system-serial\x2dgetty.slice.
[    6.228509] systemd[1]: Starting Nameserver information manager...
         Starting Nameserver information manager...
[    6.230631] systemd[1]: Mounting POSIX Message Queue File System...
         Mounting POSIX Message Queue File System...
[    6.234963] systemd[1]: Starting Load Kernel Modules...
         Starting Load Kernel Modules...
[    6.242383] systemd[1]: Reached target Slices.
[[0;32m  OK  [0m] Reached target Slices.
[    6.243772] Loading iSCSI transport class v2.0-870.
[    6.244328] systemd[1]: Starting Create list of required static device nodes for the current kernel...
         Starting Create list of required st... nodes for the current kernel...
[    6.247177] systemd[1]: Listening on Journal Socket (/dev/log).
[[0;32m  OK  [0m] Listening on Journal Socket (/dev/log).
[    6.260778] iscsi: registered transport (tcp)
[    6.288431] systemd[1]: Starting Journal Service...
         Starting Journal Service...
[    6.290789] systemd[1]: Starting Remount Root and Kernel File Systems...
         Starting Remount Root and Kernel File Systems...
[    6.293816] systemd[1]: Starting Uncomplicated firewall...
[    6.295086] EXT4-fs (sda1): re-mounted. Opts: (null)
         Starting Uncomplicated firewall...
[    6.312585] systemd[1]: Listening on LVM2 metadata daemon socket.
[[0;32m  OK  [0m] Listening on LVM2 metadata daemon socket.
[    6.315123] systemd[1]: Starting Monitoring of LVM2 mirrors, snapshots etc. using dmeventd or progress polling...
         Starting Monitoring of LVM2 mirrors... dmeventd or progress polling...
[    6.318000] systemd[1]: Mounting Huge Pages File System...
         Mounting Huge Pages File System...
[    6.320186] systemd[1]: Starting Set console keymap...
         Starting Set console keymap...
[    6.329916] systemd[1]: Mounted POSIX Message Queue File System.
[[0;32m  OK  [0m] Mounted POSIX Message Queue File System.
[    6.331676] systemd[1]: Mounted Debug File System.
[[0;32m  OK  [0m] Mounted Debug File System.
[    6.333137] systemd[1]: Mounted Huge Pages File System.
[[0;32m  OK  [0m] Mounted Huge Pages File System.
[    6.334760] systemd[1]: Started Journal Service.
[[0;32m  OK  [0m] Started Journal Service.
[[0;32m  OK  [0m] Started Create list of required sta...ce nodes for the current kernel.
[[0;32m  OK  [0m] Started Remount Root and Kernel File Systems.
[[0;32m  OK  [0m] Started Uncomplicated firewall.
[[0;32m  OK  [0m] Started Nameserver information manager.
[[0;32m  OK  [0m] Started Set console keymap.
[    6.370227] iscsi: registered transport (iser)
[[0;32m  OK  [0m] Started Load Kernel Modules.
         Starting Apply Kernel Variables...
         Mounting FUSE Control File System...
[[0;32m  OK  [0m] Started LVM2 metadata daemon.
         Starting udev Coldplug all Devices...
         Starting Load/Save Random Seed...
         Starting Create Static Device Nodes in /dev...
         Starting Flush Journal to Persistent Storage...
[[0;32m  OK  [0m] Mounted FUSE Control File System.
[[0;32m  OK  [0m] Started Apply Kernel Variables.
[[0;32m  OK  [0m] Started Load/Save Random Seed.
[[0;32m  OK  [0m] Started Create Static Device Nodes in /dev.
[[0;32m  OK  [0m] Started udev Coldplug all Devices.
[[0;32m  OK  [0m] Started Flush Journal to Persistent Storage.
         Starting udev Kernel Device Manager...
[[0;32m  OK  [0m] Started udev Kernel Device Manager.
[[0;32m  OK  [0m] Started Dispatch Password Requests to Console Directory Watch.
[[0;32m  OK  [0m] Found device /dev/ttyS0.
[[0;32m  OK  [0m] Listening on Load/Save RF Kill Switch Status /dev/rfkill Watch.
[[0;32m  OK  [0m] Started Monitoring of LVM2 mirrors,...ng dmeventd or progress polling.
[[0;32m  OK  [0m] Reached target Local File Systems (Pre).
[[0;32m  OK  [0m] Reached target Local File Systems.
         Starting Commit a transient machine-id on disk...
         Starting Tell Plymouth To Write Out Runtime Data...
         Starting Initial cloud-init job (pre-networking)...
         Starting Create Volatile Files and Directories...
         Starting Set console font and keymap...
         Starting LSB: AppArmor initialization...
[[0;32m  OK  [0m] Started Commit a transient machine-id on disk.
[[0;32m  OK  [0m] Started Tell Plymouth To Write Out Runtime Data.
[[0;32m  OK  [0m] Started Create Volatile Files and Directories.
         Starting Update UTMP about System Boot/Shutdown...
[[0;32m  OK  [0m] Started Update UTMP about System Boot/Shutdown.
[[0;32m  OK  [0m] Started Set console font and keymap.
[[0;32m  OK  [0m] Created slice system-getty.slice.
[[0;32m  OK  [0m] Started LSB: AppArmor initialization.
[    7.458119] cloud-init[620]: Cloud-init v. 18.5-45-g3554ffe8-0ubuntu1~16.04.1 running 'init-local' at Mon, 16 Dec 2019 10:17:08 +0000. Up 7.25 seconds.
[[0;32m  OK  [0m] Started Initial cloud-init job (pre-networking).
[[0;32m  OK  [0m] Reached target Network (Pre).
         Starting Raise network interfaces...
[[0;32m  OK  [0m] Started Raise network interfaces.
         Starting Initial cloud-init job (metadata service crawler)...
[[0;32m  OK  [0m] Reached target Network.
[    8.707471] cloud-init[949]: Cloud-init v. 18.5-45-g3554ffe8-0ubuntu1~16.04.1 running 'init' at Mon, 16 Dec 2019 10:17:09 +0000. Up 8.06 seconds.
[    8.731368] cloud-init[949]: ci-info: ++++++++++++++++++++++++++++++++++++++Net device info+++++++++++++++++++++++++++++++++++++++
[    8.772408] [cloud-init[0;32m  OK  [0m[949]: ] ci-info: +--------+-------+----------------------------+---------------+--------+-------------------+Started Initial cloud-init job (metadata service crawler).

[    8.813651] [cloud-init[0;32m  OK  [0m[949]: ] ci-info: | Device |   Up  |          Address           |      Mask     | Scope  |     Hw-Address    |Reached target Network is Online.

[    8.814350] cloud-init[949]: ci-info: +--------+-------+----------------------------+---------------+--------+-------------------+
[    8.821784] cloud-init[949]: ci-info: | enp0s3 |  True |         10.0.2.15          | 255.255.255.0 | global | 02:30:52:25:60:69 |
[    8.825159] cloud-init[949]: ci-info: | enp0s3 |  True | fe80::30:52ff:fe25:6069/64 |       .       |  link  | 02:30:52:25:60:69 |
         Starting iSCSI initiator daemon (iscsid)...
[[0;32m  OK  [0m] Reached target Cloud-config availability.
[[    8.829379] cloud-init[949]: ci-info: | enp0s8 | False |             .              |       .       |   .    | 08:00:27:23:01:b4 |
[    8.835629] cloud-init[949]: ci-info: |   lo   |  True |         127.0.0.1          |   255.0.0.0   |  host  |         .         |
[    8.836090] cloud-init[949]: ci-info: |   lo   |  True |          ::1/128           |       .       |  host  |         .         |
[    8.836457] cloud-init[949]: ci-info: +--------+-------+----------------------------+---------------+--------+-------------------+
[    8.836861] cloud-init[949]: ci-info: +++++++++++++++++++++++++++Route IPv4 info++++++++++++++++++++++++++++
[    8.837997] cloud-init[949]: ci-info: +-------+-------------+----------+---------------+-----------+-------+
[    8.838414] cloud-init[949]: ci-info: | Route | Destination | Gateway  |    Genmask    | Interface | Flags |
[    8.838811] cloud-init[949]: ci-info: +-------+-------------+----------+---------------+-----------+-------+
[    8.839214] cloud-init[949]: ci-info: |   0   |   0.0.0.0   | 10.0.2.2 |    0.0.0.0    |   enp0s3  |   UG  |
[    8.839613] cloud-init[949]: ci-info: |   1   |   10.0.2.0  | 0.0.0.0  | 255.255.255.0 |   enp0s3  |   U   |
[    8.840076] cloud-init[949]: ci-info: +-------+-------------+----------+---------------+-----------+-------+
[    8.840364] cloud-init[949]: ci-info: +++++++++++++++++++Route IPv6 info+++++++++++++++++++
[    8.840682] cloud-init[949]: ci-info: +-------+-------------+---------+-----------+-------+
[    8.841011] cloud-init[949]: ci-info: | Route | Destination | Gateway | Interface | Flags |
[    8.841331] cloud-init[949]: ci-info: +-------+-------------+---------+-----------+-------+
[    8.841664] cloud-init[949]: ci-info: |   0   |  fe80::/64  |    ::   |   enp0s3  |   U   |
[0;32m  OK  [0m] Reached target System Initialization.
[    8.841850] cloud-init[949]: ci-info: |   3   |   ff00::/8  |    ::   |   enp0s3  |   U   |
[    9.077663] cloud-init[949]: ci-info: +-------+-------------+---------+-----------+-------+
[    9.077850] cloud-init[949]: Generating public/private rsa key pair.
[    9.077981] cloud-init[949]: Your identification has been saved in /etc/ssh/ssh_host_rsa_key.
[    9.078093] cloud-init[949]: Your public key has been saved in /etc/ssh/ssh_host_rsa_key.pub.
[    9.078210] cloud-init[949]: The key fingerprint is:
[    9.078328] cloud-init[949]: SHA256:bOkfhd3Uf+qIDTiW+a4kWpS0W4eARqrBHkzE3UxOSTU root@ubuntu-xenial
[    9.078447] cloud-init[949]: The key's randomart image is:
[    9.078565] cloud-init[949]: +---[RSA 2048]----+
[    9.078683] cloud-init[949]: |oo. *+oE         |
[    9.078804] cloud-init[949]: |+. +o=  .      . |
[    9.078922] cloud-init[949]: |.+. o.o       . .|
[    9.079038] cloud-init[949]: |.o.. . = o o o  .|
[    9.079160] cloud-init[949]: |..    + S o o . o|
[    9.079275] cloud-init[949]: |     . = = .   ..|
[    9.079394] cloud-init[949]: |      + O o   .  |
[    9.079511] cloud-init[949]: |     o + + = o   |
[    9.079629] cloud-init[949]: |    .   .o= o .  |
[    9.079748] cloud-init[949]: +----[SHA256]-----+
[    9.079865] cloud-init[949]: Generating public/private dsa key pair.
[    9.079983] cloud-init[949]: Your identification has been saved in /etc/ssh/ssh_host_dsa_key.
[    9.080228] cloud-init[949]: Your public key has been saved in /etc/ssh/ssh_host_dsa_key.pub.
[    9.080342] cloud-init[949]: The key fingerprint is:
[    9.080459] cloud-init[949]: SHA256:wVd8h3GjQBr0MTMtxbAlxEyJMXw16aQRw3kFa8tgF2o root@ubuntu-xenial
[    9.080577] cloud-init[949]: The key's randomart image is:
[    9.080695] cloud-init[949]: +---[DSA 1024]----+
[    9.080814] cloud-init[949]: |        o=X/@B==.|
[    9.080932] cloud-init[949]: |       . o=@&*B.o|
[    9.081050] cloud-init[949]: |        o.oEB* . |
[    9.081170] cloud-init[949]: |         oo.=..  |
[    9.081287] cloud-init[949]: |        S    o   |
[    9.081405] cloud-init[949]: |                 |
[    9.081523] cloud-init[949]: |                 |
[    9.081643] cloud-init[949]: |                 |
[    9.081785] cloud-init[949]: |                 |
[    9.081890] cloud-init[949]: +----[SHA256]-----+
[    9.082018] cloud-init[949]: Generating public/private ecdsa key pair.
[    9.082134] cloud-init[949]: Your identification has been saved in /etc/ssh/ssh_host_ecdsa_key.
[    9.082252] cloud-init[949]: Your public key has been saved in /etc/ssh/ssh_host_ecdsa_key.pub.
[    9.082372] cloud-init[949]: The key fingerprint is:
[    9.082503] cloud-init[949]: SHA256:zGlRu4im0nAX6gxDwf6hT2O0kCBn8mbz7uvDS82/LP8 root@ubuntu-xenial
         Starting Socket activation for snappy daemon.
[[    9.082613] cloud-init[949]: The key's randomart image is:
[    9.177134] cloud-init[949]: +---[ECDSA 256]---+
[    9.177346] cloud-init[949]: | ..       .      |
[    9.177580] cloud-init[949]: |+ +.     . .     |
[0;32m  OK  [0m] Listening on D-Bus System Message Bus Socket.
[    9.177683] cloud-init[949]: |.B..  . . .      |
[    9.203956] cloud-init[949]: | .O o. = + .     |
[    9.205391] cloud-init[949]: | o+Boo+ S .      |
[    9.205622] cloud-init[949]: |  .OB* .         |
[    9.205743] cloud-init[949]: |  .**.o          |
[    9.205865] cloud-init[949]: |   o= .o         |
[    9.206001] cloud-init[949]: |   o=+ o=oE      |
[    9.206127] cloud-init[949]: +----[SHA256]-----+
[    9.206245] cloud-init[949]: Generating public/private ed25519 key pair.
[    9.206367] cloud-init[949]: Your identification has been saved in /etc/ssh/ssh_host_ed25519_key.
[    9.206489] cloud-init[949]: Your public key has been saved in /etc/ssh/ssh_host_ed25519_key.pub.
[    9.206612] cloud-init[949]: The key fingerprint is:
[    9.206734] cloud-init[949]: SHA256:011m0w+omHje2sndxEwHwtoGkIwSZtmdIwW9gIMDXZo root@ubuntu-xenial
[    9.206856] cloud-init[949]: The key's randomart image is:
[    9.206978] cloud-init[949]: +--[ED25519 256]--+
[    9.207104] cloud-init[949]: |.o o==.Boo       |
[    9.207225] cloud-init[949]: |  +== = B. . . . |
[    9.207562] cloud-init[949]: |  E. o o o. + B .|
[    9.207621] cloud-init[949]: |       ..+ * = +.|
[    9.207741] cloud-init[949]: |      . S + + . o|
[    9.207862] cloud-init[949]: |       o o . + . |
[    9.207984] cloud-init[949]: |        . .   +  |
[    9.208228] cloud-init[949]: |         + o o   |
[    9.208348] cloud-init[949]: |        . + . .  |
[    9.208470] cloud-init[949]: +----[SHA256]-----+
         Starting LXD - unix socket.
[[0;32m  OK  [0m] Started Daily Cleanup of Temporary Directories.
[[0;32m  OK  [0m] Started ACPI Events Check.
[[0;32m  OK  [0m] Reached target Paths.
[[0;32m  OK  [0m] Listening on ACPID Listen Socket.
[[0;32m  OK  [0m] Listening on UUID daemon activation socket.
[[0;32m  OK  [0m] Started Daily apt download activities.
[[0;32m  OK  [0m] Started Daily apt upgrade and clean activities.
[[0;32m  OK  [0m] Reached target Timers.
[[0;32m  OK  [0m] Listening on Socket activation for snappy daemon.
[[0;32m  OK  [0m] Listening on LXD - unix socket.
[[0;32m  OK  [0m] Started iSCSI initiator daemon (iscsid).
         Starting Login to default iSCSI targets...
[[0;32m  OK  [0m] Reached target Sockets.
[[0;32m  OK  [0m] Reached target Basic System.
[[0;32m  OK  [0m] Started Unattended Upgrades Shutdown.
[[0;32m  OK  [0m] Started Deferred execution scheduler.
         Starting Accounts Service...
         Starting Pollinate to seed the pseudo random number generator...
         Starting /etc/rc.local Compatibility...
         Starting Virtualbox guest utils...
[[0;32m  OK  [0m] Started Regular background program processing daemon.
[[0;32m  OK  [0m] Started D-Bus System Message Bus.
         Starting Login Service...
         Starting LXD - container startup/shutdown...
         Starting LSB: MD monitoring daemon...
[[0;32m  OK  [0m] Started ACPI event daemon.
[[0;32m  OK  [0m] Started FUSE filesystem for LXC.
         Starting System Logging Service...
         Starting LSB: Record successful boot for GRUB...
         Starting Snappy daemon...
[[0;32m  OK  [0m] Started /etc/rc.local Compatibility.
[[0;32m  OK  [0m] Started System Logging Service.
[[0;32m  OK  [0m] Started Login to default iSCSI targets.
         Starting Authenticate and Authorize Users to Run Privileged Tasks...
[[0;32m  OK  [0m] Reached target Remote File Systems (Pre).
[[0;32m  OK  [0m] Reached target Remote File Systems.
         Starting LSB: automatic crash report generation...
         Starting Permit User Sessions...
         Starting LSB: Set the CPU Frequency Scaling governor to "ondemand"...
         Starting LSB: daemon to balance interrupts for SMP systems...
[[0;32m  OK  [0m] Started Pollinate to seed the pseudo random number generator.
[[0;32m  OK  [0m] Started Virtualbox guest utils.
[[0;32m  OK  [0m] Started LXD - container startup/shutdown.
[[0;32m  OK  [0m] Started LSB: MD monitoring daemon.
[[0;32m  OK  [0m] Started LSB: Record successful boot for GRUB.
[[0;32m  OK  [0m] Started Permit User Sessions.
[[0;32m  OK  [0m] Started Login Service.
[[0;32m  OK  [0m] Started Authenticate and Authorize Users to Run Privileged Tasks.
[[0;32m  OK  [0m] Started Accounts Service.
         Starting Hold until boot process finishes up...
         Starting Terminate Plymouth Boot Screen...
         Starting OpenBSD Secure Shell server...
[[0;32m  OK  [0m] Started LSB: automatic crash report generation.
[[0;32m  OK  [0m] Started LSB: Set the CPU Frequency Scaling governor to "ondemand".
[[0;32m  OK  [0m] Started Hold until boot process finishes up.
[[0;32m  OK  [0m] Started Terminate Plymouth Boot Screen.
         Starting Set console scheme...
[[0;32m  OK  [0m] Started Getty on tty1.
[[0;32m  OK  [0m] Started Serial Getty on ttyS0.
[[0;32m  OK  [0m] Reached target Login Prompts.
[[0;32m  OK  [0m] Started Snappy daemon.
[[0;32m  OK  [0m] Started LSB: daemon to balance interrupts for SMP systems.
[[0;32m  OK  [0m] Started Set console scheme.
[[0;32m  OK  [0m] Started OpenBSD Secure Shell server.
         Starting Wait until snapd is fully seeded...
[[0;32m  OK  [0m] Started Wait until snapd is fully seeded.
[[0;32m  OK  [0m] Reached target Multi-User System.
[[0;32m  OK  [0m] Reached target Graphical Interface.
         Starting Update UTMP about System Runlevel Changes...
         Starting Apply the settings specified in cloud-config...
[[0;32m  OK  [0m] Started Update UTMP about System Runlevel Changes.
[   11.026326] cloud-init[1282]: Generating locales (this might take a while)...
[[0;32m  OK  [0m] Created slice User Slice of vagrant.
[   11.773134] cloud-init[1282]:   en_US.UTF-8... done
[   11.836360] cloud-init[1282]: Generation complete.
         Starting User Manager for UID 1000...
[[0;32m  OK  [0m] Started User Manager for UID 1000.
[[0;32m  OK  [0m] Started Session 1 of user vagrant.
[   12.120209] cloud-init[1282]: Cloud-init v. 18.5-45-g3554ffe8-0ubuntu1~16.04.1 running 'modules:config' at Mon, 16 Dec 2019 10:17:12 +0000. Up 10.89 seconds.
[[0;32m  OK  [0m] Started Apply the settings specified in cloud-config.
         Starting Execute cloud user/final scripts...
ci-info: no authorized ssh keys fingerprints found for user ubuntu.
<14>Dec 16 10:17:14 ec2: 
<14>Dec 16 10:17:14 ec2: #############################################################
<14>Dec 16 10:17:14 ec2: -----BEGIN SSH HOST KEY FINGERPRINTS-----
<14>Dec 16 10:17:14 ec2: 1024 SHA256:wVd8h3GjQBr0MTMtxbAlxEyJMXw16aQRw3kFa8tgF2o root@ubuntu-xenial (DSA)
<14>Dec 16 10:17:14 ec2: 256 SHA256:zGlRu4im0nAX6gxDwf6hT2O0kCBn8mbz7uvDS82/LP8 root@ubuntu-xenial (ECDSA)
<14>Dec 16 10:17:14 ec2: 256 SHA256:011m0w+omHje2sndxEwHwtoGkIwSZtmdIwW9gIMDXZo root@ubuntu-xenial (ED25519)
<14>Dec 16 10:17:14 ec2: 2048 SHA256:bOkfhd3Uf+qIDTiW+a4kWpS0W4eARqrBHkzE3UxOSTU root@ubuntu-xenial (RSA)
<14>Dec 16 10:17:14 ec2: -----END SSH HOST KEY FINGERPRINTS-----
<14>Dec 16 10:17:14 ec2: #############################################################
-----BEGIN SSH HOST KEY KEYS-----
ecdsa-sha2-nistp256 AAAAE2VjZHNhLXNoYTItbmlzdHAyNTYAAAAIbmlzdHAyNTYAAABBBI1AgiVJfw5rPBdrxkPMjNHQaCZg53qn+IB3aUFxjW9EMPJEFBh8skdhRbgVSLykV0rb095NacQjRBAPFvrQm6Y= root@ubuntu-xenial
ssh-ed25519 AAAAC3NzaC1lZDI1NTE5AAAAIK2JKqnFIEIZ6J07KhibNOCX2JjPkeKvy0PEaNXjT/Ws root@ubuntu-xenial
ssh-rsa AAAAB3NzaC1yc2EAAAADAQABAAABAQDV7NGB09FDabr5WTj470YAkQfbNM6EgqalzqU47m3novpnoZx5iNddRQjPFruuYT6mx5IpFI8Iq29r+7BafGJUl0L6Z704ibJeSe5jHXzaPwtBCE4hAYrus3/qxPfLRKWUeu++t83NWHyDujoXydlQBkNq7f8OR6ir4B+GqyA8I47Sxm1LhUYKJYsanPpUm4989kvA3H5XrKRKKaywzLIh1PHUOgqgESUA8rpjK4lWjvQmcePxhfdPtMRz3dYNekjcaFg/GtLUpq69xd79ZxcnZbI/jBnrxiomIQ9kZc9XR3N+l1MerJk2rVqLs0T7zRj5ARyLUhBX2R/q+b2TS3mj root@ubuntu-xenial
-----END SSH HOST KEY KEYS-----
[   12.822988] cloud-init[1386]: Cloud-init v. 18.5-45-g3554ffe8-0ubuntu1~16.04.1 running 'modules:final' at Mon, 16 Dec 2019 10:17:13 +0000. Up 12.46 seconds.
[   12.825074] cloud-init[1386]: ci-info: no authorized ssh keys fingerprints found for user ubuntu.
[   12.826557] cloud-init[1386]: Cloud-init v. 18.5-45-g3554ffe8-0ubuntu1~16.04.1 finished at Mon, 16 Dec 2019 10:17:14 +0000. Datasource DataSourceNoCloud [seed=/dev/sdb][dsmode=net].  Up 12.80 seconds
[[0;32m  OK  [0m] Started Execute cloud user/final scripts.
[[0;32m  OK  [0m] Reached target Cloud-init target.

Ubuntu 16.04.6 LTS ubuntu-xenial ttyS0

ubuntu-xenial login: [  315.010741] e1000 0000:00:03.0 enp0s3: Detected Tx Unit Hang
[  315.010741]   Tx Queue             <0>
[  315.010741]   TDH                  <93>
[  315.010741]   TDT                  <95>
[  315.010741]   next_to_use          <95>
[  315.010741]   next_to_clean        <93>
[  315.010741] buffer_info[next_to_clean]
[  315.010741]   time_stamp           <100000c03>
[  315.010741]   next_to_watch        <94>
[  315.010741]   jiffies              <100000e06>
[  315.010741]   next_to_watch.status <0>
[  317.109289] e1000 0000:00:03.0 enp0s3: Detected Tx Unit Hang
[  317.109289]   Tx Queue             <0>
[  317.109289]   TDH                  <93>
[  317.109289]   TDT                  <95>
[  317.109289]   next_to_use          <95>
[  317.109289]   next_to_clean        <93>
[  317.109289] buffer_info[next_to_clean]
[  317.109289]   time_stamp           <100000c03>
[  317.109289]   next_to_watch        <94>
[  317.109289]   jiffies              <100001013>
[  317.109289]   next_to_watch.status <0>
[  318.455986] e1000 0000:00:03.0 enp0s3: Reset adapter
